Arguments: 
  C:\Program Files\nodejs\node.exe C:\Users\elsa\AppData\Roaming\npm\node_modules\yarn\bin\yarn.js publish

PATH: 
  C:\Python27\;C:\Python27\Scripts;C:\WINDOWS\system32;C:\WINDOWS;C:\WINDOWS\System32\Wbem;C:\WINDOWS\System32\WindowsPowerShell\v1.0\;C:\WINDOWS\System32\OpenSSH\;C:\Program Files\Microsoft SQL Server\110\Tools\Binn\;C:\Program Files\Microsoft SQL Server\120\Tools\Binn\;D:\software_programs\anaconda_distribution;D:\software_programs\anaconda_distribution\Scripts;C:\Program Files\Microsoft SQL Server\130\Tools\Binn\;C:\Program Files\Rigetti Computing\Forest SDK for Windows\;D:\software_programs\MinGW\bin;C:\Users\elsa\.dnx\bin;C:\Program Files\Microsoft DNX\Dnvm\;C:\Program Files\nodejs\;C:\ProgramData\chocolatey\bin;C:\Program Files\nodejs;D:\software_programs\Git\cmd;C:\Users\elsa\AppData\Local\Microsoft\WindowsApps;D:\software_programs\anaconda_distribution\Scripts;D:\software_programs\anaconda_distribution;C:\Users\elsa\AppData\Roaming\npm;C:\Users\elsa\AppData\Local\GitHubDesktop\bin

Yarn version: 
  1.21.1

Node version: 
  12.14.1

Platform: 
  win32 x64

Trace: 
  Error: canceled
      at Interface.<anonymous> (C:\Users\elsa\AppData\Roaming\npm\node_modules\yarn\lib\cli.js:136925:13)
      at Interface.emit (events.js:223:5)
      at Interface._ttyWrite (readline.js:885:16)
      at ReadStream.onkeypress (readline.js:191:10)
      at ReadStream.emit (events.js:223:5)
      at emitKeys (internal/readline/utils.js:433:14)
      at emitKeys.next (<anonymous>)
      at ReadStream.onData (readline.js:1151:36)
      at ReadStream.emit (events.js:223:5)
      at addChunk (_stream_readable.js:309:12)

npm manifest: 
  {
    "name": "architect",
    "version": "1.0.0",
    "description": "",
    "main": "index.js",
    "scripts": {
      "test": "echo \"Error: no test specified\" && exit 1"
    },
    "keywords": [],
    "author": "",
    "license": "ISC"
  }

yarn manifest: 
  No manifest

Lockfile: 
  No lockfile
